<?xml version="1.0" encoding="UTF-8"?>
<testng-results ignored="0" total="1" passed="1" failed="0" skipped="0">
  <reporter-output>
  </reporter-output>
  <suite started-at="2024-03-26T13:37:53 IST" name="Default suite" finished-at="2024-03-26T13:37:58 IST" duration-ms="5235">
    <groups>
    </groups>
    <test started-at="2024-03-26T13:37:53 IST" name="Default test" finished-at="2024-03-26T13:37:58 IST" duration-ms="5235">
      <class name="pkg.T4Test">
        <test-method is-config="true" signature="setUp()[pri:0, instance:pkg.T4Test@2d710f1a]" started-at="2024-03-26T13:37:53 IST" name="setUp" finished-at="2024-03-26T13:37:56 IST" duration-ms="3506" status="PASS">
          <reporter-output>
          </reporter-output>
        </test-method> <!-- setUp -->
        <test-method signature="t4()[pri:0, instance:pkg.T4Test@2d710f1a]" started-at="2024-03-26T13:37:56 IST" name="t4" finished-at="2024-03-26T13:37:58 IST" duration-ms="1515" status="PASS">
          <reporter-output>
          </reporter-output>
        </test-method> <!-- t4 -->
        <test-method is-config="true" signature="tearDown()[pri:0, instance:pkg.T4Test@2d710f1a]" started-at="2024-03-26T13:37:58 IST" name="tearDown" finished-at="2024-03-26T13:37:58 IST" duration-ms="167" status="PASS">
          <reporter-output>
          </reporter-output>
        </test-method> <!-- tearDown -->
      </class> <!-- pkg.T4Test -->
    </test> <!-- Default test -->
  </suite> <!-- Default suite -->
</testng-results>
